{"D:\\projects\\node\\js\\stockbit-test-aug2021\\node-test-23-aug-2021\\2-express_backend\\webserver.js": {"path":"D:\\projects\\node\\js\\stockbit-test-aug2021\\node-test-23-aug-2021\\2-express_backend\\webserver.js","statementMap":{"0":{"start":{"line":4,"column":15},"end":{"line":4,"column":57}},"1":{"start":{"line":6,"column":0},"end":{"line":6,"column":24}}},"fnMap":{},"branchMap":{},"s":{"0":1,"1":1},"f":{},"b":{},"_coverageSchema":"1a1c01bbd47fc00a2c39e90264f33305004495a9","hash":"0dd77db8312996a43b7d9a0b247b0d898f0cb652"}
,"D:\\projects\\node\\js\\stockbit-test-aug2021\\node-test-23-aug-2021\\2-express_backend\\frameworks\\web\\express\\app.js": {"path":"D:\\projects\\node\\js\\stockbit-test-aug2021\\node-test-23-aug-2021\\2-express_backend\\frameworks\\web\\express\\app.js","statementMap":{"0":{"start":{"line":1,"column":0},"end":{"line":1,"column":73}},"1":{"start":{"line":1,"column":45},"end":{"line":1,"column":71}},"2":{"start":{"line":2,"column":16},"end":{"line":2,"column":34}},"3":{"start":{"line":3,"column":12},"end":{"line":3,"column":21}},"4":{"start":{"line":4,"column":13},"end":{"line":4,"column":28}},"5":{"start":{"line":6,"column":0},"end":{"line":6,"column":16}},"6":{"start":{"line":7,"column":0},"end":{"line":7,"column":24}},"7":{"start":{"line":8,"column":0},"end":{"line":8,"column":49}},"8":{"start":{"line":11,"column":0},"end":{"line":11,"column":83}},"9":{"start":{"line":11,"column":35},"end":{"line":11,"column":79}},"10":{"start":{"line":15,"column":0},"end":{"line":15,"column":21}}},"fnMap":{"0":{"name":"(anonymous_0)","decl":{"start":{"line":11,"column":13},"end":{"line":11,"column":14}},"loc":{"start":{"line":11,"column":33},"end":{"line":11,"column":81}},"line":11}},"branchMap":{"0":{"loc":{"start":{"line":1,"column":0},"end":{"line":1,"column":73}},"type":"if","locations":[{"start":{"line":1,"column":0},"end":{"line":1,"column":73}},{"start":{"line":1,"column":0},"end":{"line":1,"column":73}}],"line":1}},"s":{"0":1,"1":1,"2":1,"3":1,"4":1,"5":1,"6":1,"7":1,"8":1,"9":1,"10":1},"f":{"0":1},"b":{"0":[1,0]},"_coverageSchema":"1a1c01bbd47fc00a2c39e90264f33305004495a9","hash":"b9fb2ed4c10a84d00d1d7ead2b55cf8bf4b175c5"}
,"D:\\projects\\node\\js\\stockbit-test-aug2021\\node-test-23-aug-2021\\2-express_backend\\frameworks\\web\\express\\server.js": {"path":"D:\\projects\\node\\js\\stockbit-test-aug2021\\node-test-23-aug-2021\\2-express_backend\\frameworks\\web\\express\\server.js","statementMap":{"0":{"start":{"line":1,"column":12},"end":{"line":1,"column":28}},"1":{"start":{"line":4,"column":4},"end":{"line":6,"column":6}},"2":{"start":{"line":5,"column":6},"end":{"line":5,"column":55}},"3":{"start":{"line":10,"column":4},"end":{"line":10,"column":15}},"4":{"start":{"line":13,"column":0},"end":{"line":13,"column":31}}},"fnMap":{"0":{"name":"(anonymous_0)","decl":{"start":{"line":3,"column":2},"end":{"line":3,"column":3}},"loc":{"start":{"line":3,"column":21},"end":{"line":7,"column":3}},"line":3},"1":{"name":"(anonymous_1)","decl":{"start":{"line":4,"column":21},"end":{"line":4,"column":22}},"loc":{"start":{"line":4,"column":27},"end":{"line":6,"column":5}},"line":4},"2":{"name":"(anonymous_2)","decl":{"start":{"line":9,"column":2},"end":{"line":9,"column":3}},"loc":{"start":{"line":9,"column":18},"end":{"line":11,"column":3}},"line":9}},"branchMap":{},"s":{"0":1,"1":0,"2":0,"3":1,"4":1},"f":{"0":0,"1":0,"2":1},"b":{},"_coverageSchema":"1a1c01bbd47fc00a2c39e90264f33305004495a9","hash":"e8ee0fa51a9c75a7de855eb6a1e716b88401dd18"}
}
